{"total": {"lines":{"total":5406,"covered":252,"skipped":0,"pct":4.66},"statements":{"total":5406,"covered":252,"skipped":0,"pct":4.66},"functions":{"total":71,"covered":5,"skipped":0,"pct":7.04},"branches":{"total":50,"covered":7,"skipped":0,"pct":14},"branchesTrue":{"total":0,"covered":0,"skipped":0,"pct":100}}
,"C:\\Users\\brian\\work\\stoked\\packages\\cli\\src\\cli.controller.ts": {"lines":{"total":6,"covered":0,"skipped":0,"pct":0},"functions":{"total":1,"covered":0,"skipped":0,"pct":0},"statements":{"total":6,"covered":0,"skipped":0,"pct":0},"branches":{"total":1,"covered":0,"skipped":0,"pct":0}}
,"C:\\Users\\brian\\work\\stoked\\packages\\cli\\src\\cli.module.ts": {"lines":{"total":24,"covered":0,"skipped":0,"pct":0},"functions":{"total":1,"covered":0,"skipped":0,"pct":0},"statements":{"total":24,"covered":0,"skipped":0,"pct":0},"branches":{"total":1,"covered":0,"skipped":0,"pct":0}}
,"C:\\Users\\brian\\work\\stoked\\packages\\cli\\src\\cli.service.ts": {"lines":{"total":7,"covered":0,"skipped":0,"pct":0},"functions":{"total":1,"covered":0,"skipped":0,"pct":0},"statements":{"total":7,"covered":0,"skipped":0,"pct":0},"branches":{"total":1,"covered":0,"skipped":0,"pct":0}}
,"C:\\Users\\brian\\work\\stoked\\packages\\cli\\src\\main.ts": {"lines":{"total":63,"covered":0,"skipped":0,"pct":0},"functions":{"total":1,"covered":0,"skipped":0,"pct":0},"statements":{"total":63,"covered":0,"skipped":0,"pct":0},"branches":{"total":1,"covered":0,"skipped":0,"pct":0}}
,"C:\\Users\\brian\\work\\stoked\\packages\\cli\\src\\post-comment.ts": {"lines":{"total":30,"covered":0,"skipped":0,"pct":0},"functions":{"total":1,"covered":0,"skipped":0,"pct":0},"statements":{"total":30,"covered":0,"skipped":0,"pct":0},"branches":{"total":1,"covered":0,"skipped":0,"pct":0}}
,"C:\\Users\\brian\\work\\stoked\\packages\\cli\\src\\stoked.command.ts": {"lines":{"total":40,"covered":0,"skipped":0,"pct":0},"functions":{"total":1,"covered":0,"skipped":0,"pct":0},"statements":{"total":40,"covered":0,"skipped":0,"pct":0},"branches":{"total":1,"covered":0,"skipped":0,"pct":0}}
,"C:\\Users\\brian\\work\\stoked\\packages\\cli\\src\\test-jsdoc.ts": {"lines":{"total":38,"covered":0,"skipped":0,"pct":0},"functions":{"total":1,"covered":0,"skipped":0,"pct":0},"statements":{"total":38,"covered":0,"skipped":0,"pct":0},"branches":{"total":1,"covered":0,"skipped":0,"pct":0}}
,"C:\\Users\\brian\\work\\stoked\\packages\\cli\\src\\test-llm.ts": {"lines":{"total":11,"covered":0,"skipped":0,"pct":0},"functions":{"total":1,"covered":0,"skipped":0,"pct":0},"statements":{"total":11,"covered":0,"skipped":0,"pct":0},"branches":{"total":1,"covered":0,"skipped":0,"pct":0}}
,"C:\\Users\\brian\\work\\stoked\\packages\\cli\\src\\test-simple.ts": {"lines":{"total":23,"covered":0,"skipped":0,"pct":0},"functions":{"total":1,"covered":0,"skipped":0,"pct":0},"statements":{"total":23,"covered":0,"skipped":0,"pct":0},"branches":{"total":1,"covered":0,"skipped":0,"pct":0}}
,"C:\\Users\\brian\\work\\stoked\\packages\\cli\\src\\logger\\global-logger.ts": {"lines":{"total":58,"covered":0,"skipped":0,"pct":0},"functions":{"total":1,"covered":0,"skipped":0,"pct":0},"statements":{"total":58,"covered":0,"skipped":0,"pct":0},"branches":{"total":1,"covered":0,"skipped":0,"pct":0}}
,"C:\\Users\\brian\\work\\stoked\\packages\\cli\\src\\logger\\theme.logger.module.ts": {"lines":{"total":8,"covered":0,"skipped":0,"pct":0},"functions":{"total":1,"covered":0,"skipped":0,"pct":0},"statements":{"total":8,"covered":0,"skipped":0,"pct":0},"branches":{"total":1,"covered":0,"skipped":0,"pct":0}}
,"C:\\Users\\brian\\work\\stoked\\packages\\cli\\src\\logger\\theme.logger.ts": {"lines":{"total":130,"covered":75,"skipped":0,"pct":57.69},"functions":{"total":2,"covered":0,"skipped":0,"pct":0},"statements":{"total":130,"covered":75,"skipped":0,"pct":57.69},"branches":{"total":1,"covered":0,"skipped":0,"pct":0}}
,"C:\\Users\\brian\\work\\stoked\\packages\\cli\\src\\modules\\agent\\agent.module.ts": {"lines":{"total":13,"covered":0,"skipped":0,"pct":0},"functions":{"total":1,"covered":0,"skipped":0,"pct":0},"statements":{"total":13,"covered":0,"skipped":0,"pct":0},"branches":{"total":1,"covered":0,"skipped":0,"pct":0}}
,"C:\\Users\\brian\\work\\stoked\\packages\\cli\\src\\modules\\agent\\agent.service.ts": {"lines":{"total":27,"covered":0,"skipped":0,"pct":0},"functions":{"total":1,"covered":0,"skipped":0,"pct":0},"statements":{"total":27,"covered":0,"skipped":0,"pct":0},"branches":{"total":1,"covered":0,"skipped":0,"pct":0}}
,"C:\\Users\\brian\\work\\stoked\\packages\\cli\\src\\modules\\agent\\code.command.ts": {"lines":{"total":82,"covered":0,"skipped":0,"pct":0},"functions":{"total":1,"covered":0,"skipped":0,"pct":0},"statements":{"total":82,"covered":0,"skipped":0,"pct":0},"branches":{"total":1,"covered":0,"skipped":0,"pct":0}}
,"C:\\Users\\brian\\work\\stoked\\packages\\cli\\src\\modules\\config\\config.module.ts": {"lines":{"total":21,"covered":0,"skipped":0,"pct":0},"functions":{"total":1,"covered":0,"skipped":0,"pct":0},"statements":{"total":21,"covered":0,"skipped":0,"pct":0},"branches":{"total":1,"covered":0,"skipped":0,"pct":0}}
,"C:\\Users\\brian\\work\\stoked\\packages\\cli\\src\\modules\\config\\config.service.ts": {"lines":{"total":174,"covered":7,"skipped":0,"pct":4.02},"functions":{"total":1,"covered":0,"skipped":0,"pct":0},"statements":{"total":174,"covered":7,"skipped":0,"pct":4.02},"branches":{"total":1,"covered":0,"skipped":0,"pct":0}}
,"C:\\Users\\brian\\work\\stoked\\packages\\cli\\src\\modules\\config\\commands\\config.command.ts": {"lines":{"total":21,"covered":0,"skipped":0,"pct":0},"functions":{"total":1,"covered":0,"skipped":0,"pct":0},"statements":{"total":21,"covered":0,"skipped":0,"pct":0},"branches":{"total":1,"covered":0,"skipped":0,"pct":0}}
,"C:\\Users\\brian\\work\\stoked\\packages\\cli\\src\\modules\\config\\commands\\remove-repo.command.ts": {"lines":{"total":46,"covered":0,"skipped":0,"pct":0},"functions":{"total":1,"covered":0,"skipped":0,"pct":0},"statements":{"total":46,"covered":0,"skipped":0,"pct":0},"branches":{"total":1,"covered":0,"skipped":0,"pct":0}}
,"C:\\Users\\brian\\work\\stoked\\packages\\cli\\src\\modules\\config\\commands\\repo.command.ts": {"lines":{"total":117,"covered":0,"skipped":0,"pct":0},"functions":{"total":1,"covered":0,"skipped":0,"pct":0},"statements":{"total":117,"covered":0,"skipped":0,"pct":0},"branches":{"total":1,"covered":0,"skipped":0,"pct":0}}
,"C:\\Users\\brian\\work\\stoked\\packages\\cli\\src\\modules\\jsdocs\\jsdocs.command.ts": {"lines":{"total":933,"covered":137,"skipped":0,"pct":14.68},"functions":{"total":29,"covered":4,"skipped":0,"pct":13.79},"statements":{"total":933,"covered":137,"skipped":0,"pct":14.68},"branches":{"total":8,"covered":4,"skipped":0,"pct":50}}
,"C:\\Users\\brian\\work\\stoked\\packages\\cli\\src\\modules\\jsdocs\\jsdocs.module.ts": {"lines":{"total":12,"covered":0,"skipped":0,"pct":0},"functions":{"total":1,"covered":0,"skipped":0,"pct":0},"statements":{"total":12,"covered":0,"skipped":0,"pct":0},"branches":{"total":1,"covered":0,"skipped":0,"pct":0}}
,"C:\\Users\\brian\\work\\stoked\\packages\\cli\\src\\modules\\jsdocs\\process-batch.command.ts": {"lines":{"total":1238,"covered":15,"skipped":0,"pct":1.21},"functions":{"total":2,"covered":0,"skipped":0,"pct":0},"statements":{"total":1238,"covered":15,"skipped":0,"pct":1.21},"branches":{"total":1,"covered":0,"skipped":0,"pct":0}}
,"C:\\Users\\brian\\work\\stoked\\packages\\cli\\src\\modules\\llm\\batch-check.command.ts": {"lines":{"total":164,"covered":0,"skipped":0,"pct":0},"functions":{"total":1,"covered":0,"skipped":0,"pct":0},"statements":{"total":164,"covered":0,"skipped":0,"pct":0},"branches":{"total":1,"covered":0,"skipped":0,"pct":0}}
,"C:\\Users\\brian\\work\\stoked\\packages\\cli\\src\\modules\\llm\\llm.command.ts": {"lines":{"total":20,"covered":0,"skipped":0,"pct":0},"functions":{"total":1,"covered":0,"skipped":0,"pct":0},"statements":{"total":20,"covered":0,"skipped":0,"pct":0},"branches":{"total":1,"covered":0,"skipped":0,"pct":0}}
,"C:\\Users\\brian\\work\\stoked\\packages\\cli\\src\\modules\\llm\\llm.module.ts": {"lines":{"total":12,"covered":0,"skipped":0,"pct":0},"functions":{"total":1,"covered":0,"skipped":0,"pct":0},"statements":{"total":12,"covered":0,"skipped":0,"pct":0},"branches":{"total":1,"covered":0,"skipped":0,"pct":0}}
,"C:\\Users\\brian\\work\\stoked\\packages\\cli\\src\\modules\\llm\\llm.service.ts": {"lines":{"total":618,"covered":18,"skipped":0,"pct":2.91},"functions":{"total":1,"covered":0,"skipped":0,"pct":0},"statements":{"total":618,"covered":18,"skipped":0,"pct":2.91},"branches":{"total":3,"covered":2,"skipped":0,"pct":66.66}}
,"C:\\Users\\brian\\work\\stoked\\packages\\cli\\src\\modules\\log\\log.command.ts": {"lines":{"total":27,"covered":0,"skipped":0,"pct":0},"functions":{"total":1,"covered":0,"skipped":0,"pct":0},"statements":{"total":27,"covered":0,"skipped":0,"pct":0},"branches":{"total":1,"covered":0,"skipped":0,"pct":0}}
,"C:\\Users\\brian\\work\\stoked\\packages\\cli\\src\\modules\\log\\log.coords.command.ts": {"lines":{"total":22,"covered":0,"skipped":0,"pct":0},"functions":{"total":1,"covered":0,"skipped":0,"pct":0},"statements":{"total":22,"covered":0,"skipped":0,"pct":0},"branches":{"total":1,"covered":0,"skipped":0,"pct":0}}
,"C:\\Users\\brian\\work\\stoked\\packages\\cli\\src\\modules\\log\\log.module.ts": {"lines":{"total":10,"covered":0,"skipped":0,"pct":0},"functions":{"total":1,"covered":0,"skipped":0,"pct":0},"statements":{"total":10,"covered":0,"skipped":0,"pct":0},"branches":{"total":1,"covered":0,"skipped":0,"pct":0}}
,"C:\\Users\\brian\\work\\stoked\\packages\\cli\\src\\modules\\log\\log.service.ts": {"lines":{"total":21,"covered":0,"skipped":0,"pct":0},"functions":{"total":1,"covered":0,"skipped":0,"pct":0},"statements":{"total":21,"covered":0,"skipped":0,"pct":0},"branches":{"total":1,"covered":0,"skipped":0,"pct":0}}
,"C:\\Users\\brian\\work\\stoked\\packages\\cli\\src\\modules\\repo\\repo.command.ts": {"lines":{"total":31,"covered":0,"skipped":0,"pct":0},"functions":{"total":1,"covered":0,"skipped":0,"pct":0},"statements":{"total":31,"covered":0,"skipped":0,"pct":0},"branches":{"total":1,"covered":0,"skipped":0,"pct":0}}
,"C:\\Users\\brian\\work\\stoked\\packages\\cli\\src\\modules\\repo\\repo.issues.command.ts": {"lines":{"total":59,"covered":0,"skipped":0,"pct":0},"functions":{"total":1,"covered":0,"skipped":0,"pct":0},"statements":{"total":59,"covered":0,"skipped":0,"pct":0},"branches":{"total":1,"covered":0,"skipped":0,"pct":0}}
,"C:\\Users\\brian\\work\\stoked\\packages\\cli\\src\\modules\\repo\\repo.module.ts": {"lines":{"total":31,"covered":0,"skipped":0,"pct":0},"functions":{"total":1,"covered":0,"skipped":0,"pct":0},"statements":{"total":31,"covered":0,"skipped":0,"pct":0},"branches":{"total":1,"covered":0,"skipped":0,"pct":0}}
,"C:\\Users\\brian\\work\\stoked\\packages\\cli\\src\\modules\\repo\\repo.plan.command.ts": {"lines":{"total":85,"covered":0,"skipped":0,"pct":0},"functions":{"total":1,"covered":0,"skipped":0,"pct":0},"statements":{"total":85,"covered":0,"skipped":0,"pct":0},"branches":{"total":1,"covered":0,"skipped":0,"pct":0}}
,"C:\\Users\\brian\\work\\stoked\\packages\\cli\\src\\modules\\repo\\repo.priority.command.ts": {"lines":{"total":71,"covered":0,"skipped":0,"pct":0},"functions":{"total":1,"covered":0,"skipped":0,"pct":0},"statements":{"total":71,"covered":0,"skipped":0,"pct":0},"branches":{"total":1,"covered":0,"skipped":0,"pct":0}}
,"C:\\Users\\brian\\work\\stoked\\packages\\cli\\src\\modules\\repo\\repo.search.command.ts": {"lines":{"total":86,"covered":0,"skipped":0,"pct":0},"functions":{"total":1,"covered":0,"skipped":0,"pct":0},"statements":{"total":86,"covered":0,"skipped":0,"pct":0},"branches":{"total":1,"covered":0,"skipped":0,"pct":0}}
,"C:\\Users\\brian\\work\\stoked\\packages\\cli\\src\\modules\\repo\\repo.service.ts": {"lines":{"total":533,"covered":0,"skipped":0,"pct":0},"functions":{"total":1,"covered":0,"skipped":0,"pct":0},"statements":{"total":533,"covered":0,"skipped":0,"pct":0},"branches":{"total":1,"covered":0,"skipped":0,"pct":0}}
,"C:\\Users\\brian\\work\\stoked\\packages\\cli\\src\\modules\\test\\test.command.ts": {"lines":{"total":464,"covered":0,"skipped":0,"pct":0},"functions":{"total":1,"covered":0,"skipped":0,"pct":0},"statements":{"total":464,"covered":0,"skipped":0,"pct":0},"branches":{"total":1,"covered":0,"skipped":0,"pct":0}}
,"C:\\Users\\brian\\work\\stoked\\packages\\cli\\src\\modules\\test\\test.module.ts": {"lines":{"total":15,"covered":0,"skipped":0,"pct":0},"functions":{"total":1,"covered":0,"skipped":0,"pct":0},"statements":{"total":15,"covered":0,"skipped":0,"pct":0},"branches":{"total":1,"covered":0,"skipped":0,"pct":0}}
,"C:\\Users\\brian\\work\\stoked\\packages\\cli\\src\\modules\\test\\types\\test-framework.ts": {"lines":{"total":15,"covered":0,"skipped":0,"pct":0},"functions":{"total":1,"covered":1,"skipped":0,"pct":100},"statements":{"total":15,"covered":0,"skipped":0,"pct":0},"branches":{"total":1,"covered":1,"skipped":0,"pct":100}}
}
