{"total": {"lines":{"total":6799,"covered":709,"skipped":0,"pct":10.42},"statements":{"total":6799,"covered":709,"skipped":0,"pct":10.42},"functions":{"total":117,"covered":34,"skipped":0,"pct":29.05},"branches":{"total":231,"covered":143,"skipped":0,"pct":61.9},"branchesTrue":{"total":0,"covered":0,"skipped":0,"pct":100}}
,"C:\\Users\\brian\\work\\stoked-tests\\packages\\cli\\src\\cli.controller.ts": {"lines":{"total":6,"covered":0,"skipped":0,"pct":0},"functions":{"total":1,"covered":0,"skipped":0,"pct":0},"statements":{"total":6,"covered":0,"skipped":0,"pct":0},"branches":{"total":1,"covered":0,"skipped":0,"pct":0}}
,"C:\\Users\\brian\\work\\stoked-tests\\packages\\cli\\src\\cli.module.ts": {"lines":{"total":26,"covered":0,"skipped":0,"pct":0},"functions":{"total":1,"covered":0,"skipped":0,"pct":0},"statements":{"total":26,"covered":0,"skipped":0,"pct":0},"branches":{"total":1,"covered":0,"skipped":0,"pct":0}}
,"C:\\Users\\brian\\work\\stoked-tests\\packages\\cli\\src\\cli.service.ts": {"lines":{"total":7,"covered":0,"skipped":0,"pct":0},"functions":{"total":1,"covered":0,"skipped":0,"pct":0},"statements":{"total":7,"covered":0,"skipped":0,"pct":0},"branches":{"total":1,"covered":0,"skipped":0,"pct":0}}
,"C:\\Users\\brian\\work\\stoked-tests\\packages\\cli\\src\\main.ts": {"lines":{"total":63,"covered":0,"skipped":0,"pct":0},"functions":{"total":1,"covered":1,"skipped":0,"pct":100},"statements":{"total":63,"covered":0,"skipped":0,"pct":0},"branches":{"total":1,"covered":1,"skipped":0,"pct":100}}
,"C:\\Users\\brian\\work\\stoked-tests\\packages\\cli\\src\\stoked.command.ts": {"lines":{"total":45,"covered":0,"skipped":0,"pct":0},"functions":{"total":1,"covered":0,"skipped":0,"pct":0},"statements":{"total":45,"covered":0,"skipped":0,"pct":0},"branches":{"total":1,"covered":0,"skipped":0,"pct":0}}
,"C:\\Users\\brian\\work\\stoked-tests\\packages\\cli\\src\\test-jsdoc.ts": {"lines":{"total":38,"covered":0,"skipped":0,"pct":0},"functions":{"total":1,"covered":0,"skipped":0,"pct":0},"statements":{"total":38,"covered":0,"skipped":0,"pct":0},"branches":{"total":1,"covered":0,"skipped":0,"pct":0}}
,"C:\\Users\\brian\\work\\stoked-tests\\packages\\cli\\src\\test-llm.ts": {"lines":{"total":11,"covered":0,"skipped":0,"pct":0},"functions":{"total":1,"covered":0,"skipped":0,"pct":0},"statements":{"total":11,"covered":0,"skipped":0,"pct":0},"branches":{"total":1,"covered":0,"skipped":0,"pct":0}}
,"C:\\Users\\brian\\work\\stoked-tests\\packages\\cli\\src\\test-simple.ts": {"lines":{"total":23,"covered":0,"skipped":0,"pct":0},"functions":{"total":1,"covered":0,"skipped":0,"pct":0},"statements":{"total":23,"covered":0,"skipped":0,"pct":0},"branches":{"total":1,"covered":0,"skipped":0,"pct":0}}
,"C:\\Users\\brian\\work\\stoked-tests\\packages\\cli\\src\\logger\\global-logger.ts": {"lines":{"total":58,"covered":0,"skipped":0,"pct":0},"functions":{"total":1,"covered":0,"skipped":0,"pct":0},"statements":{"total":58,"covered":0,"skipped":0,"pct":0},"branches":{"total":1,"covered":0,"skipped":0,"pct":0}}
,"C:\\Users\\brian\\work\\stoked-tests\\packages\\cli\\src\\logger\\theme.logger.module.ts": {"lines":{"total":8,"covered":0,"skipped":0,"pct":0},"functions":{"total":1,"covered":0,"skipped":0,"pct":0},"statements":{"total":8,"covered":0,"skipped":0,"pct":0},"branches":{"total":1,"covered":0,"skipped":0,"pct":0}}
,"C:\\Users\\brian\\work\\stoked-tests\\packages\\cli\\src\\logger\\theme.logger.ts": {"lines":{"total":137,"covered":109,"skipped":0,"pct":79.56},"functions":{"total":11,"covered":6,"skipped":0,"pct":54.54},"statements":{"total":137,"covered":109,"skipped":0,"pct":79.56},"branches":{"total":8,"covered":6,"skipped":0,"pct":75}}
,"C:\\Users\\brian\\work\\stoked-tests\\packages\\cli\\src\\modules\\agent\\agent.module.ts": {"lines":{"total":13,"covered":0,"skipped":0,"pct":0},"functions":{"total":1,"covered":0,"skipped":0,"pct":0},"statements":{"total":13,"covered":0,"skipped":0,"pct":0},"branches":{"total":1,"covered":0,"skipped":0,"pct":0}}
,"C:\\Users\\brian\\work\\stoked-tests\\packages\\cli\\src\\modules\\agent\\agent.service.ts": {"lines":{"total":27,"covered":0,"skipped":0,"pct":0},"functions":{"total":1,"covered":0,"skipped":0,"pct":0},"statements":{"total":27,"covered":0,"skipped":0,"pct":0},"branches":{"total":1,"covered":0,"skipped":0,"pct":0}}
,"C:\\Users\\brian\\work\\stoked-tests\\packages\\cli\\src\\modules\\agent\\code.command.ts": {"lines":{"total":82,"covered":0,"skipped":0,"pct":0},"functions":{"total":1,"covered":0,"skipped":0,"pct":0},"statements":{"total":82,"covered":0,"skipped":0,"pct":0},"branches":{"total":1,"covered":0,"skipped":0,"pct":0}}
,"C:\\Users\\brian\\work\\stoked-tests\\packages\\cli\\src\\modules\\analyze\\analyze.command.ts": {"lines":{"total":434,"covered":0,"skipped":0,"pct":0},"functions":{"total":1,"covered":0,"skipped":0,"pct":0},"statements":{"total":434,"covered":0,"skipped":0,"pct":0},"branches":{"total":1,"covered":0,"skipped":0,"pct":0}}
,"C:\\Users\\brian\\work\\stoked-tests\\packages\\cli\\src\\modules\\analyze\\analyze.module.ts": {"lines":{"total":13,"covered":0,"skipped":0,"pct":0},"functions":{"total":1,"covered":0,"skipped":0,"pct":0},"statements":{"total":13,"covered":0,"skipped":0,"pct":0},"branches":{"total":1,"covered":0,"skipped":0,"pct":0}}
,"C:\\Users\\brian\\work\\stoked-tests\\packages\\cli\\src\\modules\\config\\config.module.ts": {"lines":{"total":21,"covered":0,"skipped":0,"pct":0},"functions":{"total":1,"covered":0,"skipped":0,"pct":0},"statements":{"total":21,"covered":0,"skipped":0,"pct":0},"branches":{"total":1,"covered":0,"skipped":0,"pct":0}}
,"C:\\Users\\brian\\work\\stoked-tests\\packages\\cli\\src\\modules\\config\\config.service.ts": {"lines":{"total":174,"covered":7,"skipped":0,"pct":4.02},"functions":{"total":1,"covered":0,"skipped":0,"pct":0},"statements":{"total":174,"covered":7,"skipped":0,"pct":4.02},"branches":{"total":0,"covered":0,"skipped":0,"pct":100}}
,"C:\\Users\\brian\\work\\stoked-tests\\packages\\cli\\src\\modules\\config\\commands\\config.command.ts": {"lines":{"total":21,"covered":0,"skipped":0,"pct":0},"functions":{"total":1,"covered":0,"skipped":0,"pct":0},"statements":{"total":21,"covered":0,"skipped":0,"pct":0},"branches":{"total":1,"covered":0,"skipped":0,"pct":0}}
,"C:\\Users\\brian\\work\\stoked-tests\\packages\\cli\\src\\modules\\config\\commands\\remove-repo.command.ts": {"lines":{"total":46,"covered":0,"skipped":0,"pct":0},"functions":{"total":1,"covered":0,"skipped":0,"pct":0},"statements":{"total":46,"covered":0,"skipped":0,"pct":0},"branches":{"total":1,"covered":0,"skipped":0,"pct":0}}
,"C:\\Users\\brian\\work\\stoked-tests\\packages\\cli\\src\\modules\\config\\commands\\repo.command.ts": {"lines":{"total":117,"covered":0,"skipped":0,"pct":0},"functions":{"total":1,"covered":0,"skipped":0,"pct":0},"statements":{"total":117,"covered":0,"skipped":0,"pct":0},"branches":{"total":1,"covered":0,"skipped":0,"pct":0}}
,"C:\\Users\\brian\\work\\stoked-tests\\packages\\cli\\src\\modules\\docs\\docs.command.ts": {"lines":{"total":926,"covered":0,"skipped":0,"pct":0},"functions":{"total":1,"covered":0,"skipped":0,"pct":0},"statements":{"total":926,"covered":0,"skipped":0,"pct":0},"branches":{"total":1,"covered":0,"skipped":0,"pct":0}}
,"C:\\Users\\brian\\work\\stoked-tests\\packages\\cli\\src\\modules\\docs\\docs.module.ts": {"lines":{"total":12,"covered":0,"skipped":0,"pct":0},"functions":{"total":1,"covered":0,"skipped":0,"pct":0},"statements":{"total":12,"covered":0,"skipped":0,"pct":0},"branches":{"total":1,"covered":0,"skipped":0,"pct":0}}
,"C:\\Users\\brian\\work\\stoked-tests\\packages\\cli\\src\\modules\\docs\\process-batch.command.ts": {"lines":{"total":1238,"covered":0,"skipped":0,"pct":0},"functions":{"total":1,"covered":0,"skipped":0,"pct":0},"statements":{"total":1238,"covered":0,"skipped":0,"pct":0},"branches":{"total":1,"covered":0,"skipped":0,"pct":0}}
,"C:\\Users\\brian\\work\\stoked-tests\\packages\\cli\\src\\modules\\llm\\batch-check.command.ts": {"lines":{"total":164,"covered":0,"skipped":0,"pct":0},"functions":{"total":1,"covered":0,"skipped":0,"pct":0},"statements":{"total":164,"covered":0,"skipped":0,"pct":0},"branches":{"total":1,"covered":0,"skipped":0,"pct":0}}
,"C:\\Users\\brian\\work\\stoked-tests\\packages\\cli\\src\\modules\\llm\\llm.command.ts": {"lines":{"total":20,"covered":0,"skipped":0,"pct":0},"functions":{"total":1,"covered":0,"skipped":0,"pct":0},"statements":{"total":20,"covered":0,"skipped":0,"pct":0},"branches":{"total":1,"covered":0,"skipped":0,"pct":0}}
,"C:\\Users\\brian\\work\\stoked-tests\\packages\\cli\\src\\modules\\llm\\llm.module.ts": {"lines":{"total":17,"covered":0,"skipped":0,"pct":0},"functions":{"total":1,"covered":0,"skipped":0,"pct":0},"statements":{"total":17,"covered":0,"skipped":0,"pct":0},"branches":{"total":1,"covered":0,"skipped":0,"pct":0}}
,"C:\\Users\\brian\\work\\stoked-tests\\packages\\cli\\src\\modules\\llm\\llm.service.ts": {"lines":{"total":668,"covered":174,"skipped":0,"pct":26.04},"functions":{"total":24,"covered":10,"skipped":0,"pct":41.66},"statements":{"total":668,"covered":174,"skipped":0,"pct":26.04},"branches":{"total":56,"covered":42,"skipped":0,"pct":75}}
,"C:\\Users\\brian\\work\\stoked-tests\\packages\\cli\\src\\modules\\llm\\prompts\\createDocs.ts": {"lines":{"total":5,"covered":0,"skipped":0,"pct":0},"functions":{"total":1,"covered":0,"skipped":0,"pct":0},"statements":{"total":5,"covered":0,"skipped":0,"pct":0},"branches":{"total":1,"covered":0,"skipped":0,"pct":0}}
,"C:\\Users\\brian\\work\\stoked-tests\\packages\\cli\\src\\modules\\llm\\prompts\\createJsdocs.ts": {"lines":{"total":5,"covered":0,"skipped":0,"pct":0},"functions":{"total":1,"covered":0,"skipped":0,"pct":0},"statements":{"total":5,"covered":0,"skipped":0,"pct":0},"branches":{"total":1,"covered":0,"skipped":0,"pct":0}}
,"C:\\Users\\brian\\work\\stoked-tests\\packages\\cli\\src\\modules\\llm\\prompts\\createUtest.ts": {"lines":{"total":17,"covered":1,"skipped":0,"pct":5.88},"functions":{"total":1,"covered":0,"skipped":0,"pct":0},"statements":{"total":17,"covered":1,"skipped":0,"pct":5.88},"branches":{"total":0,"covered":0,"skipped":0,"pct":100}}
,"C:\\Users\\brian\\work\\stoked-tests\\packages\\cli\\src\\modules\\log\\log.command.ts": {"lines":{"total":27,"covered":0,"skipped":0,"pct":0},"functions":{"total":1,"covered":0,"skipped":0,"pct":0},"statements":{"total":27,"covered":0,"skipped":0,"pct":0},"branches":{"total":1,"covered":0,"skipped":0,"pct":0}}
,"C:\\Users\\brian\\work\\stoked-tests\\packages\\cli\\src\\modules\\log\\log.coords.command.ts": {"lines":{"total":22,"covered":0,"skipped":0,"pct":0},"functions":{"total":1,"covered":0,"skipped":0,"pct":0},"statements":{"total":22,"covered":0,"skipped":0,"pct":0},"branches":{"total":1,"covered":0,"skipped":0,"pct":0}}
,"C:\\Users\\brian\\work\\stoked-tests\\packages\\cli\\src\\modules\\log\\log.module.ts": {"lines":{"total":10,"covered":0,"skipped":0,"pct":0},"functions":{"total":1,"covered":0,"skipped":0,"pct":0},"statements":{"total":10,"covered":0,"skipped":0,"pct":0},"branches":{"total":1,"covered":0,"skipped":0,"pct":0}}
,"C:\\Users\\brian\\work\\stoked-tests\\packages\\cli\\src\\modules\\log\\log.service.ts": {"lines":{"total":21,"covered":0,"skipped":0,"pct":0},"functions":{"total":1,"covered":0,"skipped":0,"pct":0},"statements":{"total":21,"covered":0,"skipped":0,"pct":0},"branches":{"total":1,"covered":0,"skipped":0,"pct":0}}
,"C:\\Users\\brian\\work\\stoked-tests\\packages\\cli\\src\\modules\\repo\\repo.command.ts": {"lines":{"total":31,"covered":0,"skipped":0,"pct":0},"functions":{"total":1,"covered":0,"skipped":0,"pct":0},"statements":{"total":31,"covered":0,"skipped":0,"pct":0},"branches":{"total":1,"covered":0,"skipped":0,"pct":0}}
,"C:\\Users\\brian\\work\\stoked-tests\\packages\\cli\\src\\modules\\repo\\repo.issues.command.ts": {"lines":{"total":59,"covered":0,"skipped":0,"pct":0},"functions":{"total":1,"covered":0,"skipped":0,"pct":0},"statements":{"total":59,"covered":0,"skipped":0,"pct":0},"branches":{"total":1,"covered":0,"skipped":0,"pct":0}}
,"C:\\Users\\brian\\work\\stoked-tests\\packages\\cli\\src\\modules\\repo\\repo.module.ts": {"lines":{"total":31,"covered":0,"skipped":0,"pct":0},"functions":{"total":1,"covered":0,"skipped":0,"pct":0},"statements":{"total":31,"covered":0,"skipped":0,"pct":0},"branches":{"total":1,"covered":0,"skipped":0,"pct":0}}
,"C:\\Users\\brian\\work\\stoked-tests\\packages\\cli\\src\\modules\\repo\\repo.plan.command.ts": {"lines":{"total":85,"covered":0,"skipped":0,"pct":0},"functions":{"total":1,"covered":0,"skipped":0,"pct":0},"statements":{"total":85,"covered":0,"skipped":0,"pct":0},"branches":{"total":1,"covered":0,"skipped":0,"pct":0}}
,"C:\\Users\\brian\\work\\stoked-tests\\packages\\cli\\src\\modules\\repo\\repo.priority.command.ts": {"lines":{"total":71,"covered":0,"skipped":0,"pct":0},"functions":{"total":1,"covered":0,"skipped":0,"pct":0},"statements":{"total":71,"covered":0,"skipped":0,"pct":0},"branches":{"total":1,"covered":0,"skipped":0,"pct":0}}
,"C:\\Users\\brian\\work\\stoked-tests\\packages\\cli\\src\\modules\\repo\\repo.search.command.ts": {"lines":{"total":86,"covered":0,"skipped":0,"pct":0},"functions":{"total":1,"covered":0,"skipped":0,"pct":0},"statements":{"total":86,"covered":0,"skipped":0,"pct":0},"branches":{"total":1,"covered":0,"skipped":0,"pct":0}}
,"C:\\Users\\brian\\work\\stoked-tests\\packages\\cli\\src\\modules\\repo\\repo.service.ts": {"lines":{"total":533,"covered":0,"skipped":0,"pct":0},"functions":{"total":1,"covered":0,"skipped":0,"pct":0},"statements":{"total":533,"covered":0,"skipped":0,"pct":0},"branches":{"total":1,"covered":0,"skipped":0,"pct":0}}
,"C:\\Users\\brian\\work\\stoked-tests\\packages\\cli\\src\\modules\\test\\test.command.ts": {"lines":{"total":982,"covered":418,"skipped":0,"pct":42.56},"functions":{"total":38,"covered":16,"skipped":0,"pct":42.1},"statements":{"total":982,"covered":418,"skipped":0,"pct":42.56},"branches":{"total":125,"covered":93,"skipped":0,"pct":74.4}}
,"C:\\Users\\brian\\work\\stoked-tests\\packages\\cli\\src\\modules\\test\\test.module.ts": {"lines":{"total":17,"covered":0,"skipped":0,"pct":0},"functions":{"total":1,"covered":0,"skipped":0,"pct":0},"statements":{"total":17,"covered":0,"skipped":0,"pct":0},"branches":{"total":1,"covered":0,"skipped":0,"pct":0}}
,"C:\\Users\\brian\\work\\stoked-tests\\packages\\cli\\src\\modules\\test\\types\\test-framework.ts": {"lines":{"total":15,"covered":0,"skipped":0,"pct":0},"functions":{"total":1,"covered":1,"skipped":0,"pct":100},"statements":{"total":15,"covered":0,"skipped":0,"pct":0},"branches":{"total":1,"covered":1,"skipped":0,"pct":100}}
,"C:\\Users\\brian\\work\\stoked-tests\\packages\\cli\\src\\modules\\utest\\utest.command.ts": {"lines":{"total":356,"covered":0,"skipped":0,"pct":0},"functions":{"total":1,"covered":0,"skipped":0,"pct":0},"statements":{"total":356,"covered":0,"skipped":0,"pct":0},"branches":{"total":1,"covered":0,"skipped":0,"pct":0}}
,"C:\\Users\\brian\\work\\stoked-tests\\packages\\cli\\src\\modules\\utest\\utest.module.ts": {"lines":{"total":11,"covered":0,"skipped":0,"pct":0},"functions":{"total":1,"covered":0,"skipped":0,"pct":0},"statements":{"total":11,"covered":0,"skipped":0,"pct":0},"branches":{"total":1,"covered":0,"skipped":0,"pct":0}}
}
